{"contracts/PriceFeed.sol":{"l":{"9":1,"14":1,"19":1,"24":1},"path":"/Users/panditdhamdhere/Desktop/red/redstone-dapp/contracts/contracts/PriceFeed.sol","s":{"1":1,"2":1,"3":1,"4":1},"b":{},"f":{"1":1,"2":1,"3":1,"4":1},"fnMap":{"1":{"name":"getEthPrice","line":8,"loc":{"start":{"line":8,"column":4},"end":{"line":10,"column":4}}},"2":{"name":"getBtcPrice","line":13,"loc":{"start":{"line":13,"column":4},"end":{"line":15,"column":4}}},"3":{"name":"getRbtcPrice","line":18,"loc":{"start":{"line":18,"column":4},"end":{"line":20,"column":4}}},"4":{"name":"getRifPrice","line":23,"loc":{"start":{"line":23,"column":4},"end":{"line":25,"column":4}}}},"statementMap":{"1":{"start":{"line":9,"column":8},"end":{"line":9,"column":61}},"2":{"start":{"line":14,"column":8},"end":{"line":14,"column":61}},"3":{"start":{"line":19,"column":8},"end":{"line":19,"column":62}},"4":{"start":{"line":24,"column":8},"end":{"line":24,"column":61}}},"branchMap":{}}}